2026-01-09 01:49:33,471 - bot.data.binance_client - INFO - Binance client initialized (testnet=True)
2026-01-09 01:49:33,486 - bot.data.data_fetcher - INFO - Downloading 3 years of SOL/USDT 15m data...
2026-01-09 01:49:53,430 - bot.data.data_fetcher - INFO - Downloaded 15,000 candles...
2026-01-09 01:50:08,053 - bot.data.data_fetcher - INFO - Downloaded 30,000 candles...
2026-01-09 01:50:23,908 - bot.data.data_fetcher - INFO - Downloaded 45,000 candles...
2026-01-09 01:50:40,881 - bot.data.data_fetcher - INFO - Downloaded 60,000 candles...
2026-01-09 01:50:56,941 - bot.data.data_fetcher - INFO - Downloaded 75,000 candles...
2026-01-09 01:51:14,878 - bot.data.data_fetcher - INFO - Downloaded 90,000 candles...
2026-01-09 01:51:33,702 - bot.data.data_fetcher - INFO - Downloaded 105,000 candles...
2026-01-09 01:51:36,363 - bot.data.data_fetcher - INFO - Downloaded 105,117 candles and saved to cache
2026-01-09 01:51:36,378 - bot.data.data_fetcher - INFO - Downloading 3 years of SOL/USDT 1h data...
2026-01-09 01:51:52,141 - bot.data.data_fetcher - INFO - Downloaded 15,000 candles...
2026-01-09 01:52:08,080 - bot.data.data_fetcher - INFO - Downloaded 26,280 candles and saved to cache
2026-01-09 01:52:08,080 - bot.data.data_fetcher - INFO - Downloading 3 years of SOL/USDT 4h data...
2026-01-09 01:52:16,204 - bot.data.data_fetcher - INFO - Downloaded 6,570 candles and saved to cache
2026-01-09 02:16:20,811 - bot.detectors.smc - INFO - Applying SMC detectors...
2026-01-09 02:21:51,927 - bot.detectors.smc - INFO - SMC detection complete
2026-01-09 02:21:51,943 - backtest.engine - INFO - Starting backtest...
2026-01-09 02:21:53,071 - __main__ - ERROR - Error running backtest: attempted relative import beyond top-level package
Traceback (most recent call last):
  File "C:\Users\abdul\Desktop\jules_trading_system\main.py", line 229, in <module>
    results = run_full_backtest()
              ^^^^^^^^^^^^^^^^^^^
  File "C:\Users\abdul\Desktop\jules_trading_system\main.py", line 170, in run_full_backtest
    results = engine.run_backtest(
              ^^^^^^^^^^^^^^^^^^^^
  File "C:\Users\abdul\Desktop\jules_trading_system\bot\backtest\engine.py", line 273, in run_backtest
    from ..bot.detectors.liquidity import calculate_volume_profile
ImportError: attempted relative import beyond top-level package
2026-01-09 05:27:42,230 - bot.data.binance_client - INFO - Binance client initialized (testnet=True)
2026-01-09 05:27:42,230 - bot.data.data_fetcher - INFO - Downloading 3 years of SOL/USDT 15m data...
2026-01-09 05:27:42,230 - bot.data.data_fetcher - INFO - Loading from cache: data/cache/SOL_USDT_15m_3y.csv
2026-01-09 05:27:42,575 - bot.data.data_fetcher - INFO - Downloading 3 years of SOL/USDT 1h data...
2026-01-09 05:27:42,575 - bot.data.data_fetcher - INFO - Loading from cache: data/cache/SOL_USDT_1h_3y.csv
2026-01-09 05:27:42,653 - bot.data.data_fetcher - INFO - Downloading 3 years of SOL/USDT 4h data...
2026-01-09 05:27:42,653 - bot.data.data_fetcher - INFO - Loading from cache: data/cache/SOL_USDT_4h_3y.csv
2026-01-09 12:36:36,542 - bot.detectors.smc - INFO - Applying SMC detectors...
2026-01-09 12:39:31,653 - bot.data.binance_client - INFO - Binance client initialized (testnet=True)
2026-01-09 12:39:31,653 - bot.data.data_fetcher - INFO - Downloading 3 years of SOL/USDT 15m data...
2026-01-09 12:39:31,653 - bot.data.data_fetcher - INFO - Loading from cache: data/cache/SOL_USDT_15m_3y.csv
2026-01-09 12:39:31,904 - bot.data.data_fetcher - INFO - Downloading 3 years of SOL/USDT 1h data...
2026-01-09 12:39:31,904 - bot.data.data_fetcher - INFO - Loading from cache: data/cache/SOL_USDT_1h_3y.csv
2026-01-09 12:39:31,982 - bot.data.data_fetcher - INFO - Downloading 3 years of SOL/USDT 4h data...
2026-01-09 12:39:31,982 - bot.data.data_fetcher - INFO - Loading from cache: data/cache/SOL_USDT_4h_3y.csv
2026-01-09 13:02:48,012 - bot.data.binance_client - INFO - Binance client initialized (testnet=True)
2026-01-09 13:02:48,012 - bot.data.data_fetcher - INFO - Downloading 3 years of SOL/USDT 15m data...
2026-01-09 13:02:48,012 - bot.data.data_fetcher - INFO - Loading from cache: data/cache/SOL_USDT_15m_3y.csv
2026-01-09 13:02:48,280 - bot.data.data_fetcher - INFO - Downloading 3 years of SOL/USDT 1h data...
2026-01-09 13:02:48,285 - bot.data.data_fetcher - INFO - Loading from cache: data/cache/SOL_USDT_1h_3y.csv
2026-01-09 13:02:48,331 - bot.data.data_fetcher - INFO - Downloading 3 years of SOL/USDT 4h data...
2026-01-09 13:02:48,331 - bot.data.data_fetcher - INFO - Loading from cache: data/cache/SOL_USDT_4h_3y.csv
2026-01-09 13:25:32,791 - bot.detectors.smc - INFO - Applying SMC detectors...
2026-01-09 13:30:09,940 - bot.detectors.smc - INFO - SMC detection complete
2026-01-09 13:30:09,955 - backtest.engine - INFO - Starting backtest...
2026-01-09 18:50:12,827 - __main__ - ERROR - Error running backtest: 'trades'
Traceback (most recent call last):
  File "C:\Users\abdul\Desktop\jules_trading_system\main.py", line 229, in <module>
    results = run_full_backtest()
              ^^^^^^^^^^^^^^^^^^^
  File "C:\Users\abdul\Desktop\jules_trading_system\main.py", line 184, in run_full_backtest
    print_results(results)
  File "C:\Users\abdul\Desktop\jules_trading_system\main.py", line 60, in print_results
    if results['trades']:
       ~~~~~~~^^^^^^^^^^
KeyError: 'trades'
2026-01-09 20:08:52,764 - bot.data.binance_client - INFO - Binance client initialized (testnet=True)
2026-01-09 20:08:52,764 - bot.data.data_fetcher - INFO - Downloading 3 years of SOL/USDT 15m data...
2026-01-09 20:08:52,780 - bot.data.data_fetcher - INFO - Loading from cache: data/cache/SOL_USDT_15m_3y.csv
2026-01-09 20:08:53,391 - bot.data.data_fetcher - INFO - Downloading 3 years of SOL/USDT 1h data...
2026-01-09 20:08:53,391 - bot.data.data_fetcher - INFO - Loading from cache: data/cache/SOL_USDT_1h_3y.csv
2026-01-09 20:08:53,547 - bot.data.data_fetcher - INFO - Downloading 3 years of SOL/USDT 4h data...
2026-01-09 20:08:53,547 - bot.data.data_fetcher - INFO - Loading from cache: data/cache/SOL_USDT_4h_3y.csv
2026-01-09 20:33:12,651 - bot.detectors.smc - INFO - Applying SMC detectors...
2026-01-09 20:38:39,462 - bot.detectors.smc - INFO - SMC detection complete
2026-01-09 20:38:39,462 - backtest.engine - INFO - Starting backtest...
